Arguments: 
  /usr/local/bin/node /usr/share/yarn/bin/yarn.js

PATH: 
  /usr/local/sbin:/usr/local/bin:/usr/sbin:/usr/bin:/sbin:/bin:/usr/games:/usr/local/games:/snap/bin

Yarn version: 
  1.19.1

Node version: 
  12.11.1

Platform: 
  linux x64

Trace: 
  Error: getaddrinfo ENOTFOUND registry.yarnpkg.com
      at GetAddrInfoReqWrap.onlookup [as oncomplete] (dns.js:60:26)

npm manifest: 
  {
    "name": "graphql_api_starter",
    "version": "1.0.0",
    "description": "Simple Graphql API with MongoDB",
    "main": "index.js",
    "scripts": {
      "dev": "NODE_ENV=development nodemon -r esm"
    },
    "author": "Divine Nature",
    "license": "MIT",
    "dependencies": {
      "altair-express-middleware": "^2.3.7",
      "apollo-server-express": "^2.9.7",
      "bcryptjs": "^2.4.3",
      "body-parser": "^1.19.0",
      "eslint": "^6.6.0",
      "esm": "^3.2.25",
      "express": "^4.17.1",
      "graphql-upload": "^8.1.0",
      "jsonwebtoken": "^8.5.1",
      "mongodb": "^3.3.3",
      "mongoose": "^5.7.7",
      "multer": "^1.4.2"
    },
    "devDependencies": {
      "nodemon": "^1.19.4"
    }
  }

yarn manifest: 
  No manifest

Lockfile: 
  No lockfile
